--------------------------------------------------------------------------------
Lattice Synthesis Timing Report, Version  
Wed Mar 24 16:38:00 2021

Copyright (c) 1991-1994 by NeoCAD Inc. All rights reserved.
Copyright (c) 1995 AT&T Corp.   All rights reserved.
Copyright (c) 1995-2001 Lucent Technologies Inc.  All rights reserved.
Copyright (c) 2001 Agere Systems   All rights reserved.
Copyright (c) 2002-2019 Lattice Semiconductor Corporation,  All rights reserved.

Report Information
------------------
Design:     pll_clk
Constraint file: pll_clk_temp_lse.sdc 
Report level:    verbose report, limited to 3 items per constraint
--------------------------------------------------------------------------------


Timing Report Summary
--------------
--------------------------------------------------------------------------------
Constraint                              |   Constraint|       Actual|Levels
--------------------------------------------------------------------------------
                                        |             |             |
--------------------------------------------------------------------------------


All constraints were met.



Timing summary:
---------------

Timing errors: 0  Score: 0

Constraints cover  0 paths, 0 nets, and 0 connections (0.0% coverage)


Peak memory: 86937600 bytes, TRCE: 966656 bytes, DLYMAN: 0 bytes
CPU_TIME_REPORT: 0 secs 
